<?xml version="1.0" encoding="UTF-8"?>
<testng-results ignored="0" total="1" passed="1" failed="0" skipped="0">
  <reporter-output>
  </reporter-output>
  <suite started-at="2022-02-11T05:46:27 IST" name="Default suite" finished-at="2022-02-11T05:48:03 IST" duration-ms="96326">
    <groups>
    </groups>
    <test started-at="2022-02-11T05:46:27 IST" name="Default test" finished-at="2022-02-11T05:48:03 IST" duration-ms="96326">
      <class name="aspire_assignment.Assignment_Class">
        <test-method is-config="true" signature="setDriver()[pri:0, instance:aspire_assignment.Assignment_Class@51e69659]" started-at="2022-02-11T05:46:27 IST" name="setDriver" finished-at="2022-02-11T05:46:38 IST" duration-ms="10824" status="PASS">
          <reporter-output>
          </reporter-output>
        </test-method> <!-- setDriver -->
        <test-method signature="loginandfinishthetestcase()[pri:0, instance:aspire_assignment.Assignment_Class@51e69659]" started-at="2022-02-11T05:46:38 IST" name="loginandfinishthetestcase" finished-at="2022-02-11T05:48:02 IST" duration-ms="84195" status="PASS">
          <reporter-output>
          </reporter-output>
        </test-method> <!-- loginandfinishthetestcase -->
        <test-method is-config="true" signature="close()[pri:0, instance:aspire_assignment.Assignment_Class@51e69659]" started-at="2022-02-11T05:48:02 IST" name="close" finished-at="2022-02-11T05:48:03 IST" duration-ms="1256" status="PASS">
          <reporter-output>
          </reporter-output>
        </test-method> <!-- close -->
      </class> <!-- aspire_assignment.Assignment_Class -->
    </test> <!-- Default test -->
  </suite> <!-- Default suite -->
</testng-results>
